<?xml version="1.0" encoding="UTF-8"?>
<!-- Generated by org.testng.reporters.JUnitReportReporter -->
<testsuite skipped="0" hostname="SAMEERA" name="mobileAutomation.MobileAppTesting" tests="1" failures="0" timestamp="2020-09-29T19:12:19 EDT" time="0.022" errors="0">
  <testcase name="sampleTest" time="0.022" classname="mobileAutomation.MobileAppTesting"/>
  <system-out/>
</testsuite> <!-- mobileAutomation.MobileAppTesting -->
