<?xml version="1.0" encoding="UTF-8"?>
<!-- Generated by org.testng.reporters.JUnitReportReporter -->
<testsuite skipped="0" hostname="SAMEERA" name="finalProject.LoginDemo" tests="2" failures="0" timestamp="2020-11-15T19:49:56 EST" time="7.309" errors="0">
  <testcase name="test2" time="0.001" classname="finalProject.LoginDemo"/>
  <system-out/>
  <testcase name="test1" time="7.308" classname="finalProject.LoginDemo"/>
  <system-out/>
</testsuite> <!-- finalProject.LoginDemo -->
